ACTIVANDO SESION 1445793719
Cargando data/niveles/nivel0.dat
Cargando data/niveles/nivel1.dat
Cargando data/niveles/nivel2.dat
Cargando data/niveles/nivel3.dat
Cargando data/niveles/nivel4.dat
Cargando data/niveles/nivel5.dat
Cargando data/niveles/nivel6.dat
Cargando data/niveles/nivel7.dat
Cargando data/niveles/nivel8.dat
Iniciando registro de animaciones...
Registrando animaciones 0 -> data/recursos/tiles.dat -> data/recursos/animaciones_tiles.dat
Iniciando inserción de animaciones de data/recursos/animaciones_tiles.dat
Insertada animacion 1 con 1 frames y 0.1ms.
Insertada animacion 2 con 1 frames y 0.1ms.
Insertada animacion 3 con 1 frames y 0.1ms.
Insertada animacion 4 con 1 frames y 0.1ms.
Insertada animacion 5 con 1 frames y 0.1ms.
Insertada animacion 6 con 1 frames y 0.1ms.
Insertada animacion 7 con 1 frames y 0.1ms.
Insertada animacion 8 con 1 frames y 0.1ms.
Insertada animacion 9 con 1 frames y 0.1ms.
Insertada animacion 10 con 1 frames y 0.1ms.
Insertada animacion 11 con 1 frames y 0.1ms.
Insertada animacion 12 con 1 frames y 0.1ms.
Insertada animacion 13 con 1 frames y 0.1ms.
Insertada animacion 14 con 1 frames y 0.1ms.
Insertada animacion 15 con 1 frames y 0.1ms.
Insertada animacion 16 con 1 frames y 0.1ms.
Insertada animacion 17 con 1 frames y 0.1ms.
Insertada animacion 18 con 1 frames y 0.1ms.
Insertada animacion 19 con 1 frames y 0.1ms.
Insertada animacion 20 con 1 frames y 0.1ms.
Insertada animacion 21 con 1 frames y 0.1ms.
Insertada animacion 22 con 1 frames y 0.1ms.
Insertada animacion 23 con 1 frames y 0.1ms.
Insertada animacion 24 con 1 frames y 0.1ms.
Insertada animacion 25 con 1 frames y 0.1ms.
Insertada animacion 26 con 1 frames y 0.1ms.
Insertada animacion 27 con 1 frames y 0.1ms.
Insertada animacion 28 con 1 frames y 0.1ms.
Insertada animacion 29 con 1 frames y 0.1ms.
Insertada animacion 30 con 1 frames y 0.1ms.
Insertada animacion 31 con 1 frames y 0.1ms.
Insertada animacion 32 con 1 frames y 0.1ms.
Insertada animacion 33 con 1 frames y 0.1ms.
Insertada animacion 34 con 1 frames y 0.1ms.
Insertada animacion 35 con 1 frames y 0.1ms.
Insertada animacion 36 con 1 frames y 0.1ms.
Insertada animacion 37 con 1 frames y 0.1ms.
Insertada animacion 38 con 1 frames y 0.1ms.
Insertada animacion 39 con 1 frames y 0.1ms.
Insertada animacion 40 con 1 frames y 0.1ms.
Insertada animacion 41 con 1 frames y 0.1ms.
Insertada animacion 42 con 1 frames y 0.1ms.
Insertada animacion 43 con 1 frames y 0.1ms.
Insertada animacion 44 con 1 frames y 0.1ms.
Insertada animacion 45 con 1 frames y 0.1ms.
Insertada animacion 46 con 1 frames y 0.1ms.
Insertada animacion 47 con 1 frames y 0.1ms.
Insertada animacion 48 con 1 frames y 0.1ms.
Insertada animacion 49 con 1 frames y 0.1ms.
Insertada animacion 50 con 1 frames y 0.1ms.
Insertada animacion 51 con 1 frames y 0.1ms.
Insertada animacion 52 con 1 frames y 0.1ms.
Insertada animacion 53 con 1 frames y 0.1ms.
Insertada animacion 54 con 1 frames y 0.1ms.
Registrando animaciones 1 -> data/recursos/sprites.dat -> data/recursos/animaciones_sprites.dat
Iniciando inserción de animaciones de data/recursos/animaciones_sprites.dat
Insertada animacion 1 con 6 frames y 0.6ms.
Insertada animacion 2 con 5 frames y 0.5ms.
Insertada animacion 3 con 8 frames y 0.8ms.
Insertada animacion 4 con 7 frames y 0.55ms.
Insertada animacion 5 con 4 frames y 0.24ms.
Insertada animacion 6 con 1 frames y 0.1ms.
Insertada animacion 7 con 1 frames y 0.1ms.
Insertada animacion 8 con 4 frames y 0.4ms.
Insertada animacion 9 con 5 frames y 1.4ms.
Insertada animacion 10 con 5 frames y 1.4ms.
Insertada animacion 11 con 5 frames y 1.4ms.
Insertada animacion 12 con 5 frames y 0.4ms.
Insertada animacion 13 con 9 frames y 1.82ms.
Insertada animacion 14 con 1 frames y 0.1ms.
Insertada animacion 15 con 1 frames y 0.1ms.
Insertada animacion 16 con 1 frames y 0.1ms.
Insertada animacion 17 con 1 frames y 0.1ms.
Insertada animacion 18 con 8 frames y 1.2ms.
Insertada animacion 19 con 1 frames y 0.1ms.
Insertada animacion 20 con 4 frames y 0.4ms.
Cambio presentación sin efecto

FINALIZANDO SESION 1445793730